<?xml version="1.0" encoding="UTF-8"?>
<!-- Generated by org.testng.reporters.JUnitReportReporter -->
<testsuite hostname="DESKTOP-M8LT872" failures="0" tests="6" name="regression_testing.verifyloginwithmultiplecredentials" time="12.704" errors="0" timestamp="2022-02-02T23:10:34 IST" skipped="0">
  <testcase classname="regression_testing.verifyloginwithmultiplecredentials" name="login" time="1.822"/>
  <system-out/>
  <testcase classname="regression_testing.verifyloginwithmultiplecredentials" name="login" time="1.802"/>
  <system-out/>
  <testcase classname="regression_testing.verifyloginwithmultiplecredentials" name="login" time="2.024"/>
  <system-out/>
  <testcase classname="regression_testing.verifyloginwithmultiplecredentials" name="login" time="2.285"/>
  <system-out/>
  <testcase classname="regression_testing.verifyloginwithmultiplecredentials" name="login" time="1.865"/>
  <system-out/>
  <testcase classname="regression_testing.verifyloginwithmultiplecredentials" name="login" time="2.906"/>
  <system-out/>
</testsuite> <!-- regression_testing.verifyloginwithmultiplecredentials -->
