<?xml version="1.0" encoding="UTF-8"?>
<!-- Generated by org.testng.reporters.JUnitReportReporter -->
<testsuite hostname="DESKTOP-M8LT872" failures="0" tests="2" name="regression_testing.verify_recruitment_module" time="4.044" errors="0" timestamp="2022-01-24T00:44:45 IST" skipped="0">
  <testcase classname="regression_testing.verify_recruitment_module" name="Verify_recruitment_page" time="3.116"/>
  <system-out/>
  <testcase classname="regression_testing.verify_recruitment_module" name="Verify_candidate_page" time="0.928"/>
  <system-out/>
</testsuite> <!-- regression_testing.verify_recruitment_module -->
