<?xml version="1.0" encoding="UTF-8"?>
<!-- Generated by org.testng.reporters.JUnitReportReporter -->
<testsuite hostname="DESKTOP-M8LT872" failures="0" tests="1" name="regression_testing.redbus_searchbus" time="5.832" errors="0" timestamp="2022-01-29T09:55:27 IST" skipped="0">
  <testcase classname="regression_testing.redbus_searchbus" name="verify_search_bus" time="5.832"/>
  <system-out/>
</testsuite> <!-- regression_testing.redbus_searchbus -->
